node:internal/fs/utils:344
    throw err;
    ^

Error: EPERM: operation not permitted, open '/Users/andrewpinon/Desktop/projects/loginAutomation/main.js'
    at Object.openSync (node:fs:585:3)
    at Object.readFileSync (node:fs:453:35)
    at Object.Module._extensions..js (node:internal/modules/cjs/loader:1118:18)
    at Module.load (node:internal/modules/cjs/loader:981:32)
    at Function.Module._load (node:internal/modules/cjs/loader:822:12)
    at Function.executeUserEntryPoint [as runMain] (node:internal/modules/run_main:79:12)
    at node:internal/main/run_main_module:17:47 {
  errno: -1,
  syscall: 'open',
  code: 'EPERM',
  path: '/Users/andrewpinon/Desktop/projects/loginAutomation/main.js'
}
node:internal/fs/utils:344
    throw err;
    ^

Error: EPERM: operation not permitted, open '/Users/andrewpinon/Desktop/projects/loginAutomation/main.js'
    at Object.openSync (node:fs:585:3)
    at Object.readFileSync (node:fs:453:35)
    at Object.Module._extensions..js (node:internal/modules/cjs/loader:1118:18)
    at Module.load (node:internal/modules/cjs/loader:981:32)
    at Function.Module._load (node:internal/modules/cjs/loader:822:12)
    at Function.executeUserEntryPoint [as runMain] (node:internal/modules/run_main:79:12)
    at node:internal/main/run_main_module:17:47 {
  errno: -1,
  syscall: 'open',
  code: 'EPERM',
  path: '/Users/andrewpinon/Desktop/projects/loginAutomation/main.js'
}
node:internal/fs/utils:344
    throw err;
    ^

Error: EPERM: operation not permitted, open '/Users/andrewpinon/Desktop/projects/loginAutomation/main.js'
    at Object.openSync (node:fs:585:3)
    at Object.readFileSync (node:fs:453:35)
    at Object.Module._extensions..js (node:internal/modules/cjs/loader:1118:18)
    at Module.load (node:internal/modules/cjs/loader:981:32)
    at Function.Module._load (node:internal/modules/cjs/loader:822:12)
    at Function.executeUserEntryPoint [as runMain] (node:internal/modules/run_main:79:12)
    at node:internal/main/run_main_module:17:47 {
  errno: -1,
  syscall: 'open',
  code: 'EPERM',
  path: '/Users/andrewpinon/Desktop/projects/loginAutomation/main.js'
}
node:internal/fs/utils:344
    throw err;
    ^

Error: EPERM: operation not permitted, open '/Users/andrewpinon/Desktop/projects/loginAutomation/main.js'
    at Object.openSync (node:fs:585:3)
    at Object.readFileSync (node:fs:453:35)
    at Object.Module._extensions..js (node:internal/modules/cjs/loader:1118:18)
    at Module.load (node:internal/modules/cjs/loader:981:32)
    at Function.Module._load (node:internal/modules/cjs/loader:822:12)
    at Function.executeUserEntryPoint [as runMain] (node:internal/modules/run_main:79:12)
    at node:internal/main/run_main_module:17:47 {
  errno: -1,
  syscall: 'open',
  code: 'EPERM',
  path: '/Users/andrewpinon/Desktop/projects/loginAutomation/main.js'
}
node:internal/fs/utils:344
    throw err;
    ^

Error: EPERM: operation not permitted, open '/Users/andrewpinon/Desktop/projects/loginAutomation/main.js'
    at Object.openSync (node:fs:585:3)
    at Object.readFileSync (node:fs:453:35)
    at Object.Module._extensions..js (node:internal/modules/cjs/loader:1118:18)
    at Module.load (node:internal/modules/cjs/loader:981:32)
    at Function.Module._load (node:internal/modules/cjs/loader:822:12)
    at Function.executeUserEntryPoint [as runMain] (node:internal/modules/run_main:79:12)
    at node:internal/main/run_main_module:17:47 {
  errno: -1,
  syscall: 'open',
  code: 'EPERM',
  path: '/Users/andrewpinon/Desktop/projects/loginAutomation/main.js'
}
node:internal/fs/utils:344
    throw err;
    ^

Error: EPERM: operation not permitted, open '/Users/andrewpinon/Desktop/projects/loginAutomation/main.js'
    at Object.openSync (node:fs:585:3)
    at Object.readFileSync (node:fs:453:35)
    at Object.Module._extensions..js (node:internal/modules/cjs/loader:1118:18)
    at Module.load (node:internal/modules/cjs/loader:981:32)
    at Function.Module._load (node:internal/modules/cjs/loader:822:12)
    at Function.executeUserEntryPoint [as runMain] (node:internal/modules/run_main:79:12)
    at node:internal/main/run_main_module:17:47 {
  errno: -1,
  syscall: 'open',
  code: 'EPERM',
  path: '/Users/andrewpinon/Desktop/projects/loginAutomation/main.js'
}
node:internal/fs/utils:344
    throw err;
    ^

Error: EPERM: operation not permitted, open '/Users/andrewpinon/Desktop/projects/loginAutomation/main.js'
    at Object.openSync (node:fs:585:3)
    at Object.readFileSync (node:fs:453:35)
    at Object.Module._extensions..js (node:internal/modules/cjs/loader:1118:18)
    at Module.load (node:internal/modules/cjs/loader:981:32)
    at Function.Module._load (node:internal/modules/cjs/loader:822:12)
    at Function.executeUserEntryPoint [as runMain] (node:internal/modules/run_main:79:12)
    at node:internal/main/run_main_module:17:47 {
  errno: -1,
  syscall: 'open',
  code: 'EPERM',
  path: '/Users/andrewpinon/Desktop/projects/loginAutomation/main.js'
}
